<?xml version="1.0" encoding="UTF-8"?>
<!-- Generated by org.testng.reporters.JUnitReportReporter -->
<testsuite hostname="SanjanaGururaj" failures="0" tests="5" name="com.crm.qa.testcases.registerPageTest" time="54.151" errors="0" timestamp="2024-02-06T14:49:31 IST" skipped="0">
  <testcase classname="com.crm.qa.testcases.registerPageTest" name="setUp" time="31.987"/>
  <testcase classname="com.crm.qa.testcases.registerPageTest" name="validateRegisterButton" time="16.035"/>
  <testcase classname="com.crm.qa.testcases.registerPageTest" name="validateRegisterForm" time="1.538"/>
  <testcase classname="com.crm.qa.testcases.registerPageTest" name="validateCountryDropdown" time="0.352"/>
  <testcase classname="com.crm.qa.testcases.registerPageTest" name="validateSubmitForm" time="4.239"/>
</testsuite> <!-- com.crm.qa.testcases.registerPageTest -->
