<?xml version="1.0" encoding="UTF-8"?>
<!-- Generated by org.testng.reporters.JUnitReportReporter -->
<testsuite hostname="SanjanaGururaj" failures="0" tests="2" name="com.crm.qa.testcases.loginPageTest" time="74.908" errors="0" timestamp="2024-02-05T10:57:11 IST" skipped="0">
  <testcase classname="com.crm.qa.testcases.loginPageTest" name="setUp" time="28.135"/>
  <testcase classname="com.crm.qa.testcases.loginPageTest" name="loginTest" time="46.773"/>
</testsuite> <!-- com.crm.qa.testcases.loginPageTest -->
